#
# A fatal error has been detected by the Java Runtime Environment:
#
#  EXCEPTION_ACCESS_VIOLATION (0xc0000005) at pc=0x00000000747039e8, pid=12604, tid=0x000000000000325c
#
# JRE version: Java(TM) SE Runtime Environment (8.0_144-b01) (build 1.8.0_144-b01)
# Java VM: Java HotSpot(TM) 64-Bit Server VM (25.144-b01 mixed mode windows-amd64 compressed oops)
# Problematic frame:
# V  [jvm.dll+0x439e8]
#
# Failed to write core dump. Minidumps are not enabled by default on client versions of Windows
#
# If you would like to submit a bug report, please visit:
#   http://bugreport.java.com/bugreport/crash.jsp
#

---------------  T H R E A D  ---------------

Current thread (0x00000000160e3800):  JavaThread "C1 CompilerThread3" daemon [_thread_in_vm, id=12892, stack(0x0000000016c80000,0x0000000016d80000)]

siginfo: ExceptionCode=0xc0000005, reading address 0xffffffffffffffff

Registers:
RAX=0x00000000160e3800, RBX=0x0000000002825760, RCX=0x0000000002825760, RDX=0x0000000002825760
RSP=0x0000000016d7d1b0, RBP=0x0000000016146ac0, RSI=0x0000000002825760, RDI=0x0000000000000000
R8 =0x27bc82e7ffff0013, R9 =0x0000000000000000, R10=0x0000000016146cf0, R11=0x000000001714cdd0
R12=0x00000000160e3800, R13=0x0000000016146ac0, R14=0x000000001b658930, R15=0x00000000000000b6
RIP=0x00000000747039e8, EFLAGS=0x0000000000010202

Top of Stack: (sp=0x0000000016d7d1b0)
0x0000000016d7d1b0:   00000000000000b6 0000000016d7f760
0x0000000016d7d1c0:   00000000000000b6 0000000000000077
0x0000000016d7d1d0:   000000001cc9f8a8 0000000016d7f760
0x0000000016d7d1e0:   0000000016d7d2c0 00000000746f0065
0x0000000016d7d1f0:   00000000000000e7 0000000074703d79
0x0000000016d7d200:   0000000000000077 0000000000000077
0x0000000016d7d210:   0000000000000000 0000000000000000
0x0000000016d7d220:   0000000000000000 000000001bfb9a80
0x0000000016d7d230:   00000000027d9fc0 000000007470205b
0x0000000016d7d240:   0000000000000000 00000000160e3800
0x0000000016d7d250:   000000001b659aa0 00000000746ed04f
0x0000000016d7d260:   00000000160e3800 0000000074707360
0x0000000016d7d270:   00000000160e3800 00000000160e3800
0x0000000016d7d280:   000000001bfb9a80 0000000074ae19ab
0x0000000016d7d290:   0000000000000000 0000000000000000
0x0000000016d7d2a0:   000000001b659aa0 00000000000000b7 

Instructions: (pc=0x00000000747039e8)
0x00000000747039c8:   00 48 8b da ff 15 1e 9a 59 00 44 0f b6 05 f2 06
0x00000000747039d8:   7b 00 4c 8b e0 45 84 c0 74 39 4c 8b 03 48 8b cb
0x00000000747039e8:   41 ff 50 08 84 c0 74 2b 83 7b 08 00 7e 25 0f b6
0x00000000747039f8:   83 0e 01 00 00 c0 e8 03 a8 01 74 17 48 8b 03 48 


Register to memory mapping:

RAX=0x00000000160e3800 is a thread
RBX=0x0000000002825760 is an unknown value
RCX=0x0000000002825760 is an unknown value
RDX=0x0000000002825760 is an unknown value
RSP=0x0000000016d7d1b0 is pointing into the stack for thread: 0x00000000160e3800
RBP=0x0000000016146ac0 is an unknown value
RSI=0x0000000002825760 is an unknown value
RDI=0x0000000000000000 is an unknown value
R8 =0x27bc82e7ffff0013 is an unknown value
R9 =0x0000000000000000 is an unknown value
R10=0x0000000016146cf0 is an unknown value
R11=0x000000001714cdd0 is an unknown value
R12=0x00000000160e3800 is a thread
R13=0x0000000016146ac0 is an unknown value
R14=0x000000001b658930 is an unknown value
R15=0x00000000000000b6 is an unknown value


Stack: [0x0000000016c80000,0x0000000016d80000],  sp=0x0000000016d7d1b0,  free space=1012k
Native frames: (J=compiled Java code, j=interpreted, Vv=VM code, C=native code)
V  [jvm.dll+0x439e8]
V  [jvm.dll+0x43d79]
V  [jvm.dll+0x4205b]
V  [jvm.dll+0x4219ab]
V  [jvm.dll+0x41c793]
V  [jvm.dll+0x41f5f7]
V  [jvm.dll+0x41fdbb]
V  [jvm.dll+0x420cb6]
V  [jvm.dll+0x420f18]
V  [jvm.dll+0x42134b]
V  [jvm.dll+0x420ea5]
V  [jvm.dll+0x41cc12]
V  [jvm.dll+0x41f5f7]
V  [jvm.dll+0x41fdbb]
V  [jvm.dll+0x420cb6]
V  [jvm.dll+0x420f18]
V  [jvm.dll+0x42134b]
V  [jvm.dll+0x420ea5]
V  [jvm.dll+0x41cc12]
V  [jvm.dll+0x41f5f7]
V  [jvm.dll+0x41feed]
V  [jvm.dll+0x420cb6]
V  [jvm.dll+0x420f18]
V  [jvm.dll+0x42134b]
V  [jvm.dll+0x420ea5]
V  [jvm.dll+0x41cc12]
V  [jvm.dll+0x41f5f7]
V  [jvm.dll+0x41fdbb]
V  [jvm.dll+0x420cb6]
V  [jvm.dll+0x420f18]
V  [jvm.dll+0x42134b]
V  [jvm.dll+0x420ea5]
V  [jvm.dll+0x41cc12]
V  [jvm.dll+0x41f5f7]
V  [jvm.dll+0x41feed]
V  [jvm.dll+0x420cb6]
V  [jvm.dll+0x420f18]
V  [jvm.dll+0x42134b]
V  [jvm.dll+0x420ea5]
V  [jvm.dll+0x41cc12]
V  [jvm.dll+0x41f5f7]
V  [jvm.dll+0x41fdbb]
V  [jvm.dll+0x420cb6]
V  [jvm.dll+0x420f18]
V  [jvm.dll+0x41cc12]
V  [jvm.dll+0x41f5f7]
V  [jvm.dll+0x41fdbb]
V  [jvm.dll+0x420cb6]
V  [jvm.dll+0x420f18]
V  [jvm.dll+0x41cc12]
V  [jvm.dll+0x41f5f7]
V  [jvm.dll+0x41feed]
V  [jvm.dll+0x4202e2]
V  [jvm.dll+0x4253b5]
V  [jvm.dll+0x4254c0]
V  [jvm.dll+0x40eb88]
V  [jvm.dll+0x40edf1]
V  [jvm.dll+0x40efb2]
V  [jvm.dll+0x40f181]
V  [jvm.dll+0x40f38f]
V  [jvm.dll+0xa5dc2]
V  [jvm.dll+0xa66ff]
V  [jvm.dll+0x24524f]
V  [jvm.dll+0x29ca6a]
C  [msvcr100.dll+0x21d9f]
C  [msvcr100.dll+0x21e3b]
C  [KERNEL32.DLL+0x17034]
C  [ntdll.dll+0x52651]


Current CompileTask:
C1:  11274 6135       3       android.content.res.TypedArray::$$robo$$android_content_res_TypedArray$loadStringValueAt (51 bytes)


---------------  P R O C E S S  ---------------

Java Threads: ( => current thread )
  0x00000000160e2800 JavaThread "Java2D Disposer" daemon [_thread_blocked, id=14548, stack(0x000000001ba90000,0x000000001bb90000)]
  0x0000000017d22800 JavaThread "SDK 28 Main Thread" [_thread_in_Java, id=4256, stack(0x0000000019090000,0x0000000019190000)]
  0x0000000017f2e800 JavaThread "/127.0.0.1:55777 to /127.0.0.1:55776 workers Thread 3" [_thread_in_native, id=13328, stack(0x0000000018d90000,0x0000000018e90000)]
  0x0000000017529000 JavaThread "/127.0.0.1:55777 to /127.0.0.1:55776 workers Thread 2" [_thread_blocked, id=15320, stack(0x0000000018c90000,0x0000000018d90000)]
  0x0000000017bb8000 JavaThread "Test worker" [_thread_blocked, id=11512, stack(0x0000000018850000,0x0000000018950000)]
  0x0000000016178000 JavaThread "Service Thread" daemon [_thread_blocked, id=15768, stack(0x0000000016d80000,0x0000000016e80000)]
=>0x00000000160e3800 JavaThread "C1 CompilerThread3" daemon [_thread_in_vm, id=12892, stack(0x0000000016c80000,0x0000000016d80000)]
  0x00000000160f0000 JavaThread "C2 CompilerThread2" daemon [_thread_blocked, id=11768, stack(0x0000000016b80000,0x0000000016c80000)]
  0x00000000160ea800 JavaThread "C2 CompilerThread1" daemon [_thread_blocked, id=15676, stack(0x0000000016a80000,0x0000000016b80000)]
  0x00000000160e1800 JavaThread "C2 CompilerThread0" daemon [_thread_blocked, id=13964, stack(0x0000000016980000,0x0000000016a80000)]
  0x00000000160de800 JavaThread "Attach Listener" daemon [_thread_blocked, id=3600, stack(0x0000000016880000,0x0000000016980000)]
  0x00000000160dd800 JavaThread "Signal Dispatcher" daemon [_thread_blocked, id=14820, stack(0x0000000016780000,0x0000000016880000)]
  0x00000000028c9800 JavaThread "Finalizer" daemon [_thread_blocked, id=5544, stack(0x0000000016440000,0x0000000016540000)]
  0x00000000028c6000 JavaThread "Reference Handler" daemon [_thread_blocked, id=14456, stack(0x0000000015f40000,0x0000000016040000)]
  0x0000000000edd800 JavaThread "main" [_thread_blocked, id=16120, stack(0x00000000026d0000,0x00000000027d0000)]

Other Threads:
  0x0000000014139000 VMThread [stack: 0x0000000015e40000,0x0000000015f40000] [id=3940]
  0x000000001622f000 WatcherThread [stack: 0x0000000016e80000,0x0000000016f80000] [id=12976]

VM state:not at safepoint (normal execution)

VM Mutex/Monitor currently owned by a thread: None

Heap:
 PSYoungGen      total 151040K, used 56485K [0x00000000f5580000, 0x0000000100000000, 0x0000000100000000)
  eden space 129536K, 29% used [0x00000000f5580000,0x00000000f7b46988,0x00000000fd400000)
  from space 21504K, 82% used [0x00000000feb00000,0x00000000ffc62bd0,0x0000000100000000)
  to   space 22528K, 0% used [0x00000000fd400000,0x00000000fd400000,0x00000000fea00000)
 ParOldGen       total 174592K, used 51882K [0x00000000e0000000, 0x00000000eaa80000, 0x00000000f5580000)
  object space 174592K, 29% used [0x00000000e0000000,0x00000000e32aa860,0x00000000eaa80000)
 Metaspace       used 57252K, capacity 64386K, committed 64512K, reserved 1105920K
  class space    used 6842K, capacity 8862K, committed 8960K, reserved 1048576K

Card table byte_map: [0x0000000011c90000,0x0000000011da0000] byte_map_base: 0x0000000011590000

Marking Bits: (ParMarkBitMap*) 0x0000000074edd850
 Begin Bits: [0x0000000012650000, 0x0000000012e50000)
 End Bits:   [0x0000000012e50000, 0x0000000013650000)

Polling page: 0x00000000009d0000

CodeCache: size=245760Kb used=16630Kb max_used=16889Kb free=229129Kb
 bounds [0x00000000028d0000, 0x0000000003970000, 0x00000000118d0000]
 total_blobs=6176 nmethods=4909 adapters=1179
 compilation: enabled

Compilation events (10 events):
Event: 11.216 Thread 0x00000000160e3800 nmethod 6134 0x0000000002fe1c90 code [0x0000000002fe1fc0, 0x0000000002fe3a78]
Event: 11.235 Thread 0x00000000160e3800 6136       3       android.util.LongSparseArray::$$robo$$android_util_LongSparseArray$get (42 bytes)
Event: 11.236 Thread 0x00000000160e3800 nmethod 6136 0x0000000002a66b10 code [0x0000000002a66e60, 0x0000000002a68b28]
Event: 11.237 Thread 0x00000000160e3800 6138       3       android.util.StateSet::$$robo$$android_util_StateSet$stateSetMatches (144 bytes)
Event: 11.237 Thread 0x00000000160e3800 nmethod 6138 0x0000000002aec2d0 code [0x0000000002aec480, 0x0000000002aecb48]
Event: 11.237 Thread 0x00000000160e3800 6137       3       android.util.StateSet::stateSetMatches (8 bytes)
Event: 11.239 Thread 0x00000000160e3800 nmethod 6137 0x0000000003281950 code [0x0000000003281c80, 0x0000000003283768]
Event: 11.239 Thread 0x00000000160e3800 6139       3       java.lang.invoke.LambdaForm$DMH/1204825214::invokeStatic__J (13 bytes)
Event: 11.239 Thread 0x00000000160e3800 nmethod 6139 0x0000000002d68bd0 code [0x0000000002d68d60, 0x0000000002d69198]
Event: 11.240 Thread 0x00000000160e3800 6135       3       android.content.res.TypedArray::$$robo$$android_content_res_TypedArray$loadStringValueAt (51 bytes)

GC Heap History (10 events):
Event: 9.622 GC heap before
{Heap before GC invocations=21 (full 3):
 PSYoungGen      total 158208K, used 156078K [0x00000000f5580000, 0x0000000100000000, 0x0000000100000000)
  eden space 142848K, 100% used [0x00000000f5580000,0x00000000fe100000,0x00000000fe100000)
  from space 15360K, 86% used [0x00000000fe100000,0x00000000fedeb908,0x00000000ff000000)
  to   space 16384K, 0% used [0x00000000ff000000,0x00000000ff000000,0x0000000100000000)
 ParOldGen       total 174592K, used 51842K [0x00000000e0000000, 0x00000000eaa80000, 0x00000000f5580000)
  object space 174592K, 29% used [0x00000000e0000000,0x00000000e32a0860,0x00000000eaa80000)
 Metaspace       used 54737K, capacity 61214K, committed 61312K, reserved 1101824K
  class space    used 6576K, capacity 8508K, committed 8576K, reserved 1048576K
Event: 9.633 GC heap after
Heap after GC invocations=21 (full 3):
 PSYoungGen      total 156160K, used 13334K [0x00000000f5580000, 0x0000000100000000, 0x0000000100000000)
  eden space 139776K, 0% used [0x00000000f5580000,0x00000000f5580000,0x00000000fde00000)
  from space 16384K, 81% used [0x00000000ff000000,0x00000000ffd05bc0,0x0000000100000000)
  to   space 17408K, 0% used [0x00000000fde00000,0x00000000fde00000,0x00000000fef00000)
 ParOldGen       total 174592K, used 51850K [0x00000000e0000000, 0x00000000eaa80000, 0x00000000f5580000)
  object space 174592K, 29% used [0x00000000e0000000,0x00000000e32a2860,0x00000000eaa80000)
 Metaspace       used 54737K, capacity 61214K, committed 61312K, reserved 1101824K
  class space    used 6576K, capacity 8508K, committed 8576K, reserved 1048576K
}
Event: 10.085 GC heap before
{Heap before GC invocations=22 (full 3):
 PSYoungGen      total 156160K, used 153110K [0x00000000f5580000, 0x0000000100000000, 0x0000000100000000)
  eden space 139776K, 100% used [0x00000000f5580000,0x00000000fde00000,0x00000000fde00000)
  from space 16384K, 81% used [0x00000000ff000000,0x00000000ffd05bc0,0x0000000100000000)
  to   space 17408K, 0% used [0x00000000fde00000,0x00000000fde00000,0x00000000fef00000)
 ParOldGen       total 174592K, used 51850K [0x00000000e0000000, 0x00000000eaa80000, 0x00000000f5580000)
  object space 174592K, 29% used [0x00000000e0000000,0x00000000e32a2860,0x00000000eaa80000)
 Metaspace       used 56014K, capacity 62824K, committed 63104K, reserved 1103872K
  class space    used 6743K, capacity 8727K, committed 8832K, reserved 1048576K
Event: 10.099 GC heap after
Heap after GC invocations=22 (full 3):
 PSYoungGen      total 154624K, used 14616K [0x00000000f5580000, 0x0000000100000000, 0x0000000100000000)
  eden space 139776K, 0% used [0x00000000f5580000,0x00000000f5580000,0x00000000fde00000)
  from space 14848K, 98% used [0x00000000fde00000,0x00000000fec46148,0x00000000fec80000)
  to   space 18432K, 0% used [0x00000000fee00000,0x00000000fee00000,0x0000000100000000)
 ParOldGen       total 174592K, used 51858K [0x00000000e0000000, 0x00000000eaa80000, 0x00000000f5580000)
  object space 174592K, 29% used [0x00000000e0000000,0x00000000e32a4860,0x00000000eaa80000)
 Metaspace       used 56014K, capacity 62824K, committed 63104K, reserved 1103872K
  class space    used 6743K, capacity 8727K, committed 8832K, reserved 1048576K
}
Event: 10.569 GC heap before
{Heap before GC invocations=23 (full 3):
 PSYoungGen      total 154624K, used 154392K [0x00000000f5580000, 0x0000000100000000, 0x0000000100000000)
  eden space 139776K, 100% used [0x00000000f5580000,0x00000000fde00000,0x00000000fde00000)
  from space 14848K, 98% used [0x00000000fde00000,0x00000000fec46148,0x00000000fec80000)
  to   space 18432K, 0% used [0x00000000fee00000,0x00000000fee00000,0x0000000100000000)
 ParOldGen       total 174592K, used 51858K [0x00000000e0000000, 0x00000000eaa80000, 0x00000000f5580000)
  object space 174592K, 29% used [0x00000000e0000000,0x00000000e32a4860,0x00000000eaa80000)
 Metaspace       used 57075K, capacity 64066K, committed 64256K, reserved 1103872K
  class space    used 6827K, capacity 8838K, committed 8960K, reserved 1048576K
Event: 10.581 GC heap after
Heap after GC invocations=23 (full 3):
 PSYoungGen      total 153088K, used 16660K [0x00000000f5580000, 0x0000000100000000, 0x0000000100000000)
  eden space 134656K, 0% used [0x00000000f5580000,0x00000000f5580000,0x00000000fd900000)
  from space 18432K, 90% used [0x00000000fee00000,0x00000000ffe451c8,0x0000000100000000)
  to   space 19968K, 0% used [0x00000000fd900000,0x00000000fd900000,0x00000000fec80000)
 ParOldGen       total 174592K, used 51866K [0x00000000e0000000, 0x00000000eaa80000, 0x00000000f5580000)
  object space 174592K, 29% used [0x00000000e0000000,0x00000000e32a6860,0x00000000eaa80000)
 Metaspace       used 57075K, capacity 64066K, committed 64256K, reserved 1103872K
  class space    used 6827K, capacity 8838K, committed 8960K, reserved 1048576K
}
Event: 10.866 GC heap before
{Heap before GC invocations=24 (full 3):
 PSYoungGen      total 153088K, used 151316K [0x00000000f5580000, 0x0000000100000000, 0x0000000100000000)
  eden space 134656K, 100% used [0x00000000f5580000,0x00000000fd900000,0x00000000fd900000)
  from space 18432K, 90% used [0x00000000fee00000,0x00000000ffe451c8,0x0000000100000000)
  to   space 19968K, 0% used [0x00000000fd900000,0x00000000fd900000,0x00000000fec80000)
 ParOldGen       total 174592K, used 51866K [0x00000000e0000000, 0x00000000eaa80000, 0x00000000f5580000)
  object space 174592K, 29% used [0x00000000e0000000,0x00000000e32a6860,0x00000000eaa80000)
 Metaspace       used 57123K, capacity 64214K, committed 64512K, reserved 1105920K
  class space    used 6833K, capacity 8848K, committed 8960K, reserved 1048576K
Event: 10.876 GC heap after
Heap after GC invocations=24 (full 3):
 PSYoungGen      total 151040K, used 16214K [0x00000000f5580000, 0x0000000100000000, 0x0000000100000000)
  eden space 134656K, 0% used [0x00000000f5580000,0x00000000f5580000,0x00000000fd900000)
  from space 16384K, 98% used [0x00000000fd900000,0x00000000fe8d5bc0,0x00000000fe900000)
  to   space 21504K, 0% used [0x00000000feb00000,0x00000000feb00000,0x0000000100000000)
 ParOldGen       total 174592K, used 51874K [0x00000000e0000000, 0x00000000eaa80000, 0x00000000f5580000)
  object space 174592K, 29% used [0x00000000e0000000,0x00000000e32a8860,0x00000000eaa80000)
 Metaspace       used 57123K, capacity 64214K, committed 64512K, reserved 1105920K
  class space    used 6833K, capacity 8848K, committed 8960K, reserved 1048576K
}
Event: 11.187 GC heap before
{Heap before GC invocations=25 (full 3):
 PSYoungGen      total 151040K, used 150870K [0x00000000f5580000, 0x0000000100000000, 0x0000000100000000)
  eden space 134656K, 100% used [0x00000000f5580000,0x00000000fd900000,0x00000000fd900000)
  from space 16384K, 98% used [0x00000000fd900000,0x00000000fe8d5bc0,0x00000000fe900000)
  to   space 21504K, 0% used [0x00000000feb00000,0x00000000feb00000,0x0000000100000000)
 ParOldGen       total 174592K, used 51874K [0x00000000e0000000, 0x00000000eaa80000, 0x00000000f5580000)
  object space 174592K, 29% used [0x00000000e0000000,0x00000000e32a8860,0x00000000eaa80000)
 Metaspace       used 57234K, capacity 64364K, committed 64512K, reserved 1105920K
  class space    used 6840K, capacity 8857K, committed 8960K, reserved 1048576K
Event: 11.200 GC heap after
Heap after GC invocations=25 (full 3):
 PSYoungGen      total 151040K, used 17802K [0x00000000f5580000, 0x0000000100000000, 0x0000000100000000)
  eden space 129536K, 0% used [0x00000000f5580000,0x00000000f5580000,0x00000000fd400000)
  from space 21504K, 82% used [0x00000000feb00000,0x00000000ffc62bd0,0x0000000100000000)
  to   space 22528K, 0% used [0x00000000fd400000,0x00000000fd400000,0x00000000fea00000)
 ParOldGen       total 174592K, used 51882K [0x00000000e0000000, 0x00000000eaa80000, 0x00000000f5580000)
  object space 174592K, 29% used [0x00000000e0000000,0x00000000e32aa860,0x00000000eaa80000)
 Metaspace       used 57234K, capacity 64364K, committed 64512K, reserved 1105920K
  class space    used 6840K, capacity 8857K, committed 8960K, reserved 1048576K
}

Deoptimization events (10 events):
Event: 10.203 Thread 0x0000000017bb8000 Uncommon trap: reason=bimorphic action=maybe_recompile pc=0x0000000003685b40 method=java.util.regex.Pattern$Curly.match0(Ljava/util/regex/Matcher;IILjava/lang/CharSequence;)Z @ 77
Event: 10.203 Thread 0x0000000017bb8000 Uncommon trap: reason=bimorphic action=maybe_recompile pc=0x0000000003685b40 method=java.util.regex.Pattern$Curly.match0(Ljava/util/regex/Matcher;IILjava/lang/CharSequence;)Z @ 77
Event: 10.203 Thread 0x0000000017bb8000 Uncommon trap: reason=unstable_if action=reinterpret pc=0x0000000002e42f48 method=com.google.common.collect.Iterators.forArray([Ljava/lang/Object;III)Lcom/google/common/collect/UnmodifiableListIterator; @ 32
Event: 10.204 Thread 0x0000000017bb8000 Uncommon trap: reason=class_check action=maybe_recompile pc=0x00000000033c97f0 method=com.google.common.collect.ImmutableSet$RegularSetBuilderImpl.add(Ljava/lang/Object;)Lcom/google/common/collect/ImmutableSet$SetBuilderImpl; @ 6
Event: 10.204 Thread 0x0000000017bb8000 Uncommon trap: reason=class_check action=maybe_recompile pc=0x00000000033c97f0 method=com.google.common.collect.ImmutableSet$RegularSetBuilderImpl.add(Ljava/lang/Object;)Lcom/google/common/collect/ImmutableSet$SetBuilderImpl; @ 6
Event: 10.204 Thread 0x0000000017bb8000 Uncommon trap: reason=class_check action=maybe_recompile pc=0x00000000033c97f0 method=com.google.common.collect.ImmutableSet$RegularSetBuilderImpl.add(Ljava/lang/Object;)Lcom/google/common/collect/ImmutableSet$SetBuilderImpl; @ 6
Event: 10.204 Thread 0x0000000017bb8000 Uncommon trap: reason=class_check action=maybe_recompile pc=0x00000000033c97f0 method=com.google.common.collect.ImmutableSet$RegularSetBuilderImpl.add(Ljava/lang/Object;)Lcom/google/common/collect/ImmutableSet$SetBuilderImpl; @ 6
Event: 10.204 Thread 0x0000000017bb8000 Uncommon trap: reason=unstable_if action=reinterpret pc=0x00000000030421cc method=org.robolectric.internal.bytecode.MethodRef.equals(Ljava/lang/Object;)Z @ 2
Event: 10.207 Thread 0x0000000017d22800 Uncommon trap: reason=unstable_if action=reinterpret pc=0x00000000031326ec method=java.util.Arrays.hashCode([Ljava/lang/Object;)I @ 34
Event: 11.108 Thread 0x0000000017bb8000 Uncommon trap: reason=class_check action=maybe_recompile pc=0x00000000035c98a0 method=java.util.regex.Pattern$Curly.match0(Ljava/util/regex/Matcher;IILjava/lang/CharSequence;)Z @ 77

Internal exceptions (10 events):
Event: 7.332 Thread 0x0000000017d22800 Exception <a 'java/lang/NoSuchFieldError': method resolution failed> (0x00000000fb56fad8) thrown at [C:\re\workspace\8-2-build-windows-amd64-cygwin\jdk8u144\9417\hotspot\src\share\vm\prims\methodHandles.cpp, line 1146]
Event: 7.332 Thread 0x0000000017d22800 Implicit null exception at 0x0000000002de296c to 0x0000000002de2593
Event: 8.191 Thread 0x0000000017d22800 Exception <a 'java/lang/NoSuchMethodError': java.lang.Object.lambda$comparingDouble$8dcf42ea$1(Ljava/util/function/ToDoubleFunction;Ljava/lang/Object;Ljava/lang/Object;)I> (0x00000000f8fe0420) thrown at [C:\re\workspace\8-2-build-windows-amd64-cygwin\jdk8
Event: 9.304 Thread 0x0000000017d22800 Exception <a 'java/io/FileNotFoundException'> (0x00000000f6b79560) thrown at [C:\re\workspace\8-2-build-windows-amd64-cygwin\jdk8u144\9417\hotspot\src\share\vm\prims\jni.cpp, line 709]
Event: 9.353 Thread 0x0000000017d22800 Implicit null exception at 0x0000000002bb3855 to 0x0000000002bb3a51
Event: 10.007 Thread 0x0000000017d22800 Implicit null exception at 0x0000000003176797 to 0x000000000317686d
Event: 10.126 Thread 0x0000000017d22800 Exception <a 'java/lang/NoSuchMethodError': java.lang.Object.lambda$get$0(Ljava/lang/Object;)V> (0x00000000f5a2db88) thrown at [C:\re\workspace\8-2-build-windows-amd64-cygwin\jdk8u144\9417\hotspot\src\share\vm\interpreter\linkResolver.cpp, line 582]
Event: 10.207 Thread 0x0000000017d22800 Implicit null exception at 0x000000000313262f to 0x00000000031326cd
Event: 10.228 Thread 0x0000000017d22800 Exception <a 'sun/nio/fs/WindowsException'> (0x00000000f7432ca8) thrown at [C:\re\workspace\8-2-build-windows-amd64-cygwin\jdk8u144\9417\hotspot\src\share\vm\prims\jni.cpp, line 709]
Event: 11.133 Thread 0x0000000017d22800 Exception <a 'sun/nio/fs/WindowsException'> (0x00000000fc433ee0) thrown at [C:\re\workspace\8-2-build-windows-amd64-cygwin\jdk8u144\9417\hotspot\src\share\vm\prims\jni.cpp, line 709]

Events (10 events):
Event: 11.237 Thread 0x00000000160e3800 flushing nmethod 0x00000000034a9dd0
Event: 11.239 Thread 0x00000000160e3800 flushing nmethod 0x00000000035704d0
Event: 11.239 Thread 0x00000000160e3800 flushing nmethod 0x00000000035ac3d0
Event: 11.239 Thread 0x00000000160e3800 flushing nmethod 0x00000000035acd10
Event: 11.239 Thread 0x00000000160e3800 flushing nmethod 0x00000000035dbfd0
Event: 11.239 Thread 0x00000000160e3800 flushing nmethod 0x000000000362dd90
Event: 11.239 Thread 0x00000000160e3800 flushing nmethod 0x000000000362e310
Event: 11.239 Thread 0x00000000160e3800 flushing nmethod 0x000000000362e790
Event: 11.239 Thread 0x00000000160e3800 flushing nmethod 0x00000000036b0990
Event: 11.239 Thread 0x00000000160e3800 flushing nmethod 0x00000000036d07d0


Dynamic libraries:
0x00007ff7e1e60000 - 0x00007ff7e1e97000 	C:\Program Files\Java\jdk1.8.0_144\bin\java.exe
0x00007ff82aad0000 - 0x00007ff82acc5000 	C:\WINDOWS\SYSTEM32\ntdll.dll
0x00007ff828b20000 - 0x00007ff828bde000 	C:\WINDOWS\System32\KERNEL32.DLL
0x00007ff828420000 - 0x00007ff8286e9000 	C:\WINDOWS\System32\KERNELBASE.dll
0x00007ff828d20000 - 0x00007ff828dcc000 	C:\WINDOWS\System32\ADVAPI32.dll
0x00007ff829f60000 - 0x00007ff829ffe000 	C:\WINDOWS\System32\msvcrt.dll
0x00007ff829b60000 - 0x00007ff829bfb000 	C:\WINDOWS\System32\sechost.dll
0x00007ff82a0b0000 - 0x00007ff82a1da000 	C:\WINDOWS\System32\RPCRT4.dll
0x00007ff8296c0000 - 0x00007ff829861000 	C:\WINDOWS\System32\USER32.dll
0x00007ff8281f0000 - 0x00007ff828212000 	C:\WINDOWS\System32\win32u.dll
0x00007ff828be0000 - 0x00007ff828c0b000 	C:\WINDOWS\System32\GDI32.dll
0x00007ff828310000 - 0x00007ff82841b000 	C:\WINDOWS\System32\gdi32full.dll
0x00007ff8287a0000 - 0x00007ff82883d000 	C:\WINDOWS\System32\msvcp_win.dll
0x00007ff828840000 - 0x00007ff828940000 	C:\WINDOWS\System32\ucrtbase.dll
0x00007ff810510000 - 0x00007ff8107aa000 	C:\WINDOWS\WinSxS\amd64_microsoft.windows.common-controls_6595b64144ccf1df_6.0.19041.1110_none_60b5254171f9507e\COMCTL32.dll
0x00007ff82a080000 - 0x00007ff82a0b0000 	C:\WINDOWS\System32\IMM32.DLL
0x0000000075340000 - 0x0000000075412000 	C:\Program Files\Java\jdk1.8.0_144\jre\bin\msvcr100.dll
0x00000000746c0000 - 0x0000000074f5d000 	C:\Program Files\Java\jdk1.8.0_144\jre\bin\server\jvm.dll
0x00007ff829b40000 - 0x00007ff829b48000 	C:\WINDOWS\System32\PSAPI.DLL
0x00007ff80e880000 - 0x00007ff80e8a7000 	C:\WINDOWS\SYSTEM32\WINMM.dll
0x00007ff819a50000 - 0x00007ff819a59000 	C:\WINDOWS\SYSTEM32\WSOCK32.dll
0x00007ff81ce60000 - 0x00007ff81ce6a000 	C:\WINDOWS\SYSTEM32\VERSION.dll
0x00007ff829940000 - 0x00007ff8299ab000 	C:\WINDOWS\System32\WS2_32.dll
0x0000000075330000 - 0x000000007533f000 	C:\Program Files\Java\jdk1.8.0_144\jre\bin\verify.dll
0x0000000075300000 - 0x0000000075329000 	C:\Program Files\Java\jdk1.8.0_144\jre\bin\java.dll
0x00000000752e0000 - 0x00000000752f6000 	C:\Program Files\Java\jdk1.8.0_144\jre\bin\zip.dll
0x00007ff828dd0000 - 0x00007ff82950f000 	C:\WINDOWS\System32\SHELL32.dll
0x00007ff823190000 - 0x00007ff823920000 	C:\WINDOWS\SYSTEM32\windows.storage.dll
0x00007ff829c00000 - 0x00007ff829f55000 	C:\WINDOWS\System32\combase.dll
0x00007ff827c40000 - 0x00007ff827c6c000 	C:\WINDOWS\SYSTEM32\Wldp.dll
0x00007ff828c70000 - 0x00007ff828d1e000 	C:\WINDOWS\System32\SHCORE.dll
0x00007ff82a5b0000 - 0x00007ff82a605000 	C:\WINDOWS\System32\shlwapi.dll
0x00007ff828130000 - 0x00007ff82814f000 	C:\WINDOWS\SYSTEM32\profapi.dll
0x00000000746a0000 - 0x00000000746ba000 	C:\Program Files\Java\jdk1.8.0_144\jre\bin\net.dll
0x00007ff8279a0000 - 0x00007ff827a0a000 	C:\WINDOWS\system32\mswsock.dll
0x0000000074680000 - 0x0000000074691000 	C:\Program Files\Java\jdk1.8.0_144\jre\bin\nio.dll
0x00007ff827b90000 - 0x00007ff827ba8000 	C:\WINDOWS\SYSTEM32\CRYPTSP.dll
0x00007ff8272b0000 - 0x00007ff8272e4000 	C:\WINDOWS\system32\rsaenh.dll
0x00007ff828940000 - 0x00007ff828967000 	C:\WINDOWS\System32\bcrypt.dll
0x00007ff8280b0000 - 0x00007ff8280de000 	C:\WINDOWS\SYSTEM32\USERENV.dll
0x00007ff828280000 - 0x00007ff828303000 	C:\WINDOWS\System32\bcryptprimitives.dll
0x00007ff827bb0000 - 0x00007ff827bbc000 	C:\WINDOWS\SYSTEM32\CRYPTBASE.dll
0x00007ff827640000 - 0x00007ff82767b000 	C:\WINDOWS\SYSTEM32\IPHLPAPI.DLL
0x00007ff829b30000 - 0x00007ff829b38000 	C:\WINDOWS\System32\NSI.dll
0x00007ff81c3f0000 - 0x00007ff81c407000 	C:\WINDOWS\SYSTEM32\dhcpcsvc6.DLL
0x00007ff81dd90000 - 0x00007ff81ddad000 	C:\WINDOWS\SYSTEM32\dhcpcsvc.DLL
0x00007ff827690000 - 0x00007ff82775c000 	C:\WINDOWS\SYSTEM32\DNSAPI.dll
0x0000000074610000 - 0x0000000074634000 	C:\Program Files\Java\jdk1.8.0_144\jre\bin\sunec.dll
0x0000000074600000 - 0x000000007460b000 	C:\Program Files\Java\jdk1.8.0_144\jre\bin\sunmscapi.dll
0x00007ff8289c0000 - 0x00007ff828b16000 	C:\WINDOWS\System32\CRYPT32.dll
0x0000000074460000 - 0x00000000745f8000 	C:\Program Files\Java\jdk1.8.0_144\jre\bin\awt.dll
0x00007ff829870000 - 0x00007ff82993d000 	C:\WINDOWS\System32\OLEAUT32.dll
0x00007ff822400000 - 0x00007ff822490000 	C:\WINDOWS\SYSTEM32\apphelp.dll
0x00007ff822fa0000 - 0x00007ff823184000 	C:\WINDOWS\SYSTEM32\dbghelp.dll

VM Arguments:
jvm_args: -Djava.awt.headless=true -Djava.security.manager=worker.org.gradle.process.internal.worker.child.BootstrapSecurityManager -Dorg.gradle.native=false -Xmx512m -Dfile.encoding=UTF-8 -Duser.country=US -Duser.language=en -Duser.variant -ea 
java_command: worker.org.gradle.process.internal.worker.GradleWorkerMain 'Gradle Test Executor 1'
java_class_path (initial): C:\Users\varel\Documents\SEMESTER 5\Android Studio\B2 - Advanced Widgets\ColorGameX\caches\6.5\workerMain\gradle-worker.jar
Launcher Type: SUN_STANDARD

Environment Variables:
PATH=C:\ProgramData\Oracle\Java\javapath;C:\Program Files\Common Files\Oracle\Java\javapath;C:\Windows\system32;C:\Windows;C:\Windows\System32\Wbem;C:\Windows\System32\WindowsPowerShell\v1.0\;C:\Windows\System32\OpenSSH\;C:\Program Files (x86)\NVIDIA Corporation\PhysX\Common;C:\Program Files\Microsoft SQL Server\Client SDK\ODBC\130\Tools\Binn\;C:\Program Files (x86)\Microsoft SQL Server\140\Tools\Binn\;C:\Program Files\Microsoft SQL Server\140\Tools\Binn\;C:\Program Files\Microsoft SQL Server\140\DTS\Binn\;C:\Program Files (x86)\Microsoft SQL Server\150\DTS\Binn\;C:\Program Files\Azure Data Studio\bin;C:\Program Files\Git\cmd;C:\xampp\php;C:\ProgramData\ComposerSetup\bin;C:\Program Files\nodejs\;C:\WINDOWS\system32;C:\WINDOWS;C:\WINDOWS\System32\Wbem;C:\WINDOWS\System32\WindowsPowerShell\v1.0\;C:\WINDOWS\System32\OpenSSH\;C:\Program Files\PuTTY\;C:\Users\varel\AppData\Local\Programs\Python\Python39\Scripts\;C:\Users\varel\AppData\Local\Programs\Python\Python39\;C:\Users\varel\AppData\Local\Microsoft\WindowsApps;;C:\Users\varel\AppData\Local\Programs\Microsoft VS Code\bin;C:\Program Files\Azure Data Studio\bin;C:\Users\varel\AppData\Roaming\Composer\vendor\bin;C:\Users\varel\AppData\Roaming\npm
USERNAME=varel
OS=Windows_NT
PROCESSOR_IDENTIFIER=Intel64 Family 6 Model 142 Stepping 12, GenuineIntel



---------------  S Y S T E M  ---------------

OS: Windows 10.0 , 64 bit Build 19041 (10.0.19041.1202)

CPU:total 8 (initial active 8) (4 cores per cpu, 2 threads per core) family 6 model 142 stepping 12, cmov, cx8, fxsr, mmx, sse, sse2, sse3, ssse3, sse4.1, sse4.2, popcnt, avx, avx2, aes, clmul, erms, 3dnowpref, lzcnt, ht, tsc, tscinvbit, bmi1, bmi2, adx

Memory: 4k page, physical 8182660k(509156k free), swap 13949828k(2668404k free)

vm_info: Java HotSpot(TM) 64-Bit Server VM (25.144-b01) for windows-amd64 JRE (1.8.0_144-b01), built on Jul 21 2017 21:57:33 by "java_re" with MS VC++ 10.0 (VS2010)

time: Tue Sep 28 20:52:56 2021
elapsed time: 11 seconds (0d 0h 0m 11s)

