#
# A fatal error has been detected by the Java Runtime Environment:
#
#  EXCEPTION_ACCESS_VIOLATION (0xc0000005) at pc=0x00000000747039e8, pid=672, tid=0x00000000000038d8
#
# JRE version: Java(TM) SE Runtime Environment (8.0_144-b01) (build 1.8.0_144-b01)
# Java VM: Java HotSpot(TM) 64-Bit Server VM (25.144-b01 mixed mode windows-amd64 compressed oops)
# Problematic frame:
# V  [jvm.dll+0x439e8]
#
# Failed to write core dump. Minidumps are not enabled by default on client versions of Windows
#
# If you would like to submit a bug report, please visit:
#   http://bugreport.java.com/bugreport/crash.jsp
#

---------------  T H R E A D  ---------------

Current thread (0x00000000164a1000):  JavaThread "C1 CompilerThread3" daemon [_thread_in_vm, id=14552, stack(0x0000000017040000,0x0000000017140000)]

siginfo: ExceptionCode=0xc0000005, reading address 0xffffffffffffffff

Registers:
RAX=0x00000000164a1000, RBX=0x0000000002be5770, RCX=0x0000000002be5770, RDX=0x0000000002be5770
RSP=0x000000001713d430, RBP=0x0000000018a17470, RSI=0x0000000002be5770, RDI=0x0000000000000000
R8 =0x27bc82e7ffff0013, R9 =0x0000000000000000, R10=0x0000000018a176a0, R11=0x00000000179efdd0
R12=0x00000000164a1000, R13=0x0000000018a17470, R14=0x00000000182549c0, R15=0x00000000000000b6
RIP=0x00000000747039e8, EFLAGS=0x0000000000010202

Top of Stack: (sp=0x000000001713d430)
0x000000001713d430:   00000000000000b6 000000001713f9e0
0x000000001713d440:   00000000000000b6 0000000000000077
0x000000001713d450:   000000001bbe0d10 000000001713f9e0
0x000000001713d460:   000000001713d540 00000000746f0065
0x000000001713d470:   00000000000000e7 0000000074703d79
0x000000001713d480:   0000000000000077 0000000000000077
0x000000001713d490:   0000000000000000 0000000000000000
0x000000001713d4a0:   0000000000000000 00000000173a93f0
0x000000001713d4b0:   0000000002b9a7e0 000000007470205b
0x000000001713d4c0:   0000000000000000 00000000164a1000
0x000000001713d4d0:   0000000018255b30 00000000746ed04f
0x000000001713d4e0:   00000000164a1000 0000000074707360
0x000000001713d4f0:   00000000164a1000 00000000164a1000
0x000000001713d500:   00000000173a93f0 0000000074ae19ab
0x000000001713d510:   0000000000000000 0000000000000000
0x000000001713d520:   0000000018255b30 00000000000000b7 

Instructions: (pc=0x00000000747039e8)
0x00000000747039c8:   00 48 8b da ff 15 1e 9a 59 00 44 0f b6 05 f2 06
0x00000000747039d8:   7b 00 4c 8b e0 45 84 c0 74 39 4c 8b 03 48 8b cb
0x00000000747039e8:   41 ff 50 08 84 c0 74 2b 83 7b 08 00 7e 25 0f b6
0x00000000747039f8:   83 0e 01 00 00 c0 e8 03 a8 01 74 17 48 8b 03 48 


Register to memory mapping:

RAX=0x00000000164a1000 is a thread
RBX=0x0000000002be5770 is an unknown value
RCX=0x0000000002be5770 is an unknown value
RDX=0x0000000002be5770 is an unknown value
RSP=0x000000001713d430 is pointing into the stack for thread: 0x00000000164a1000
RBP=0x0000000018a17470 is an unknown value
RSI=0x0000000002be5770 is an unknown value
RDI=0x0000000000000000 is an unknown value
R8 =0x27bc82e7ffff0013 is an unknown value
R9 =0x0000000000000000 is an unknown value
R10=0x0000000018a176a0 is an unknown value
R11=0x00000000179efdd0 is an unknown value
R12=0x00000000164a1000 is a thread
R13=0x0000000018a17470 is an unknown value
R14=0x00000000182549c0 is an unknown value
R15=0x00000000000000b6 is an unknown value


Stack: [0x0000000017040000,0x0000000017140000],  sp=0x000000001713d430,  free space=1013k
Native frames: (J=compiled Java code, j=interpreted, Vv=VM code, C=native code)
V  [jvm.dll+0x439e8]
V  [jvm.dll+0x43d79]
V  [jvm.dll+0x4205b]
V  [jvm.dll+0x4219ab]
V  [jvm.dll+0x41c793]
V  [jvm.dll+0x41f5f7]
V  [jvm.dll+0x41fdbb]
V  [jvm.dll+0x420cb6]
V  [jvm.dll+0x420f18]
V  [jvm.dll+0x42134b]
V  [jvm.dll+0x420ea5]
V  [jvm.dll+0x41cc12]
V  [jvm.dll+0x41f5f7]
V  [jvm.dll+0x41fdbb]
V  [jvm.dll+0x420cb6]
V  [jvm.dll+0x420f18]
V  [jvm.dll+0x42134b]
V  [jvm.dll+0x420ea5]
V  [jvm.dll+0x41cc12]
V  [jvm.dll+0x41f5f7]
V  [jvm.dll+0x41feed]
V  [jvm.dll+0x420cb6]
V  [jvm.dll+0x420f18]
V  [jvm.dll+0x42134b]
V  [jvm.dll+0x420ea5]
V  [jvm.dll+0x41cc12]
V  [jvm.dll+0x41f5f7]
V  [jvm.dll+0x41fdbb]
V  [jvm.dll+0x420cb6]
V  [jvm.dll+0x420f18]
V  [jvm.dll+0x42134b]
V  [jvm.dll+0x420ea5]
V  [jvm.dll+0x41cc12]
V  [jvm.dll+0x41f5f7]
V  [jvm.dll+0x41feed]
V  [jvm.dll+0x420cb6]
V  [jvm.dll+0x420f18]
V  [jvm.dll+0x42134b]
V  [jvm.dll+0x420ea5]
V  [jvm.dll+0x41cc12]
V  [jvm.dll+0x41f5f7]
V  [jvm.dll+0x41fdbb]
V  [jvm.dll+0x420cb6]
V  [jvm.dll+0x420f18]
V  [jvm.dll+0x41cc12]
V  [jvm.dll+0x41f5f7]
V  [jvm.dll+0x41fdbb]
V  [jvm.dll+0x420cb6]
V  [jvm.dll+0x420f18]
V  [jvm.dll+0x41cc12]
V  [jvm.dll+0x41f5f7]
V  [jvm.dll+0x41feed]
V  [jvm.dll+0x4202e2]
V  [jvm.dll+0x4253b5]
V  [jvm.dll+0x4254c0]
V  [jvm.dll+0x40eb88]
V  [jvm.dll+0x40edf1]
V  [jvm.dll+0x40efb2]
V  [jvm.dll+0x40f181]
V  [jvm.dll+0x40f38f]
V  [jvm.dll+0xa5dc2]
V  [jvm.dll+0xa66ff]
V  [jvm.dll+0x24524f]
V  [jvm.dll+0x29ca6a]
C  [msvcr100.dll+0x21d9f]
C  [msvcr100.dll+0x21e3b]
C  [KERNEL32.DLL+0x17034]
C  [ntdll.dll+0x52651]


Current CompileTask:
C1:  10417 6183       3       android.content.res.TypedArray::$$robo$$android_content_res_TypedArray$loadStringValueAt (51 bytes)


---------------  P R O C E S S  ---------------

Java Threads: ( => current thread )
  0x000000001dd3b800 JavaThread "Java2D Disposer" daemon [_thread_blocked, id=11980, stack(0x000000001e430000,0x000000001e530000)]
  0x000000001831d000 JavaThread "SDK 28 Main Thread" [_thread_in_Java, id=9048, stack(0x0000000019450000,0x0000000019550000)]
  0x0000000017c72800 JavaThread "/127.0.0.1:55715 to /127.0.0.1:55714 workers Thread 3" [_thread_in_native, id=9828, stack(0x0000000019150000,0x0000000019250000)]
  0x00000000177d6000 JavaThread "/127.0.0.1:55715 to /127.0.0.1:55714 workers Thread 2" [_thread_blocked, id=9980, stack(0x0000000019050000,0x0000000019150000)]
  0x0000000017d9b000 JavaThread "Test worker" [_thread_blocked, id=12372, stack(0x0000000018c10000,0x0000000018d10000)]
  0x0000000016526800 JavaThread "Service Thread" daemon [_thread_blocked, id=1164, stack(0x0000000017140000,0x0000000017240000)]
=>0x00000000164a1000 JavaThread "C1 CompilerThread3" daemon [_thread_in_vm, id=14552, stack(0x0000000017040000,0x0000000017140000)]
  0x000000001649a000 JavaThread "C2 CompilerThread2" daemon [_thread_blocked, id=4376, stack(0x0000000016f40000,0x0000000017040000)]
  0x0000000016493800 JavaThread "C2 CompilerThread1" daemon [_thread_in_native, id=5088, stack(0x0000000016e40000,0x0000000016f40000)]
  0x0000000016490800 JavaThread "C2 CompilerThread0" daemon [_thread_blocked, id=2808, stack(0x0000000016d40000,0x0000000016e40000)]
  0x000000001648d000 JavaThread "Attach Listener" daemon [_thread_blocked, id=14124, stack(0x0000000016c40000,0x0000000016d40000)]
  0x000000001648c800 JavaThread "Signal Dispatcher" daemon [_thread_blocked, id=9508, stack(0x0000000016b40000,0x0000000016c40000)]
  0x0000000002c89000 JavaThread "Finalizer" daemon [_thread_blocked, id=3456, stack(0x00000000167f0000,0x00000000168f0000)]
  0x0000000002c85800 JavaThread "Reference Handler" daemon [_thread_blocked, id=3448, stack(0x00000000162f0000,0x00000000163f0000)]
  0x00000000009fd800 JavaThread "main" [_thread_blocked, id=6480, stack(0x0000000002a90000,0x0000000002b90000)]

Other Threads:
  0x0000000014509000 VMThread [stack: 0x00000000161f0000,0x00000000162f0000] [id=3288]
  0x00000000165d7800 WatcherThread [stack: 0x0000000017240000,0x0000000017340000] [id=7716]

VM state:not at safepoint (normal execution)

VM Mutex/Monitor currently owned by a thread: None

Heap:
 PSYoungGen      total 150528K, used 74620K [0x00000000f5580000, 0x0000000100000000, 0x0000000100000000)
  eden space 129536K, 43% used [0x00000000f5580000,0x00000000f8ce7298,0x00000000fd400000)
  from space 20992K, 85% used [0x00000000feb80000,0x00000000ffcf8020,0x0000000100000000)
  to   space 22528K, 0% used [0x00000000fd400000,0x00000000fd400000,0x00000000fea00000)
 ParOldGen       total 166400K, used 51614K [0x00000000e0000000, 0x00000000ea280000, 0x00000000f5580000)
  object space 166400K, 31% used [0x00000000e0000000,0x00000000e3267af8,0x00000000ea280000)
 Metaspace       used 57345K, capacity 64590K, committed 64768K, reserved 1105920K
  class space    used 6848K, capacity 8864K, committed 8960K, reserved 1048576K

Card table byte_map: [0x0000000012050000,0x0000000012160000] byte_map_base: 0x0000000011950000

Marking Bits: (ParMarkBitMap*) 0x0000000074edd850
 Begin Bits: [0x0000000012a10000, 0x0000000013210000)
 End Bits:   [0x0000000013210000, 0x0000000013a10000)

Polling page: 0x0000000000df0000

CodeCache: size=245760Kb used=16803Kb max_used=16814Kb free=228956Kb
 bounds [0x0000000002c90000, 0x0000000003d10000, 0x0000000011c90000]
 total_blobs=6308 nmethods=5041 adapters=1179
 compilation: enabled

Compilation events (10 events):
Event: 10.387 Thread 0x00000000164a1000 6181       3       android.content.Context::$$robo$$android_content_Context$obtainStyledAttributes (13 bytes)
Event: 10.389 Thread 0x00000000164a1000 nmethod 6181 0x0000000003d05490 code [0x0000000003d05820, 0x0000000003d078e8]
Event: 10.389 Thread 0x00000000164a1000 6171       3       java.lang.invoke.LambdaForm$MH/1637347684::linkToCallSite (20 bytes)
Event: 10.389 Thread 0x00000000164a1000 nmethod 6171 0x0000000003ced710 code [0x0000000003ced8a0, 0x0000000003cedfa8]
Event: 10.389 Thread 0x00000000164a1000 6172       3       java.lang.invoke.LambdaForm$MH/1363729793::guard (109 bytes)
Event: 10.390 Thread 0x00000000164a1000 nmethod 6172 0x0000000003d09d90 code [0x0000000003d09fa0, 0x0000000003d0b048]
Event: 10.390 Thread 0x00000000164a1000 6173   !   3       java.lang.invoke.LambdaForm$MH/1959428070::guardWithCatch (83 bytes)
Event: 10.390 Thread 0x00000000164a1000 nmethod 6173 0x0000000003cea810 code [0x0000000003cea9e0, 0x0000000003ceb5a8]
Event: 10.395 Thread 0x00000000164a1000 6183       3       android.content.res.TypedArray::$$robo$$android_content_res_TypedArray$loadStringValueAt (51 bytes)
Event: 10.396 Thread 0x0000000016493800 6186   !   4       java.lang.invoke.LambdaForm$MH/917533407::guardWithCatch (75 bytes)

GC Heap History (10 events):
Event: 8.839 GC heap before
{Heap before GC invocations=21 (full 3):
 PSYoungGen      total 159232K, used 159142K [0x00000000f5580000, 0x0000000100000000, 0x0000000100000000)
  eden space 145920K, 100% used [0x00000000f5580000,0x00000000fe400000,0x00000000fe400000)
  from space 13312K, 99% used [0x00000000fe400000,0x00000000ff0e9a08,0x00000000ff100000)
  to   space 15360K, 0% used [0x00000000ff100000,0x00000000ff100000,0x0000000100000000)
 ParOldGen       total 166400K, used 51566K [0x00000000e0000000, 0x00000000ea280000, 0x00000000f5580000)
  object space 166400K, 30% used [0x00000000e0000000,0x00000000e325baf8,0x00000000ea280000)
 Metaspace       used 54730K, capacity 61214K, committed 61312K, reserved 1101824K
  class space    used 6575K, capacity 8506K, committed 8576K, reserved 1048576K
Event: 8.848 GC heap after
Heap after GC invocations=21 (full 3):
 PSYoungGen      total 157184K, used 13354K [0x00000000f5580000, 0x0000000100000000, 0x0000000100000000)
  eden space 141824K, 0% used [0x00000000f5580000,0x00000000f5580000,0x00000000fe000000)
  from space 15360K, 86% used [0x00000000ff100000,0x00000000ffe0abd0,0x0000000100000000)
  to   space 16384K, 0% used [0x00000000fe000000,0x00000000fe000000,0x00000000ff000000)
 ParOldGen       total 166400K, used 51574K [0x00000000e0000000, 0x00000000ea280000, 0x00000000f5580000)
  object space 166400K, 30% used [0x00000000e0000000,0x00000000e325daf8,0x00000000ea280000)
 Metaspace       used 54730K, capacity 61214K, committed 61312K, reserved 1101824K
  class space    used 6575K, capacity 8506K, committed 8576K, reserved 1048576K
}
Event: 9.166 GC heap before
{Heap before GC invocations=22 (full 3):
 PSYoungGen      total 157184K, used 155178K [0x00000000f5580000, 0x0000000100000000, 0x0000000100000000)
  eden space 141824K, 100% used [0x00000000f5580000,0x00000000fe000000,0x00000000fe000000)
  from space 15360K, 86% used [0x00000000ff100000,0x00000000ffe0abd0,0x0000000100000000)
  to   space 16384K, 0% used [0x00000000fe000000,0x00000000fe000000,0x00000000ff000000)
 ParOldGen       total 166400K, used 51574K [0x00000000e0000000, 0x00000000ea280000, 0x00000000f5580000)
  object space 166400K, 30% used [0x00000000e0000000,0x00000000e325daf8,0x00000000ea280000)
 Metaspace       used 55708K, capacity 62488K, committed 62720K, reserved 1103872K
  class space    used 6708K, capacity 8681K, committed 8704K, reserved 1048576K
Event: 9.174 GC heap after
Heap after GC invocations=22 (full 3):
 PSYoungGen      total 156672K, used 14388K [0x00000000f5580000, 0x0000000100000000, 0x0000000100000000)
  eden space 141824K, 0% used [0x00000000f5580000,0x00000000f5580000,0x00000000fe000000)
  from space 14848K, 96% used [0x00000000fe000000,0x00000000fee0d0d0,0x00000000fee80000)
  to   space 17920K, 0% used [0x00000000fee80000,0x00000000fee80000,0x0000000100000000)
 ParOldGen       total 166400K, used 51582K [0x00000000e0000000, 0x00000000ea280000, 0x00000000f5580000)
  object space 166400K, 30% used [0x00000000e0000000,0x00000000e325faf8,0x00000000ea280000)
 Metaspace       used 55708K, capacity 62488K, committed 62720K, reserved 1103872K
  class space    used 6708K, capacity 8681K, committed 8704K, reserved 1048576K
}
Event: 9.602 GC heap before
{Heap before GC invocations=23 (full 3):
 PSYoungGen      total 156672K, used 156212K [0x00000000f5580000, 0x0000000100000000, 0x0000000100000000)
  eden space 141824K, 100% used [0x00000000f5580000,0x00000000fe000000,0x00000000fe000000)
  from space 14848K, 96% used [0x00000000fe000000,0x00000000fee0d0d0,0x00000000fee80000)
  to   space 17920K, 0% used [0x00000000fee80000,0x00000000fee80000,0x0000000100000000)
 ParOldGen       total 166400K, used 51582K [0x00000000e0000000, 0x00000000ea280000, 0x00000000f5580000)
  object space 166400K, 30% used [0x00000000e0000000,0x00000000e325faf8,0x00000000ea280000)
 Metaspace       used 57088K, capacity 64158K, committed 64512K, reserved 1105920K
  class space    used 6826K, capacity 8836K, committed 8960K, reserved 1048576K
Event: 9.616 GC heap after
Heap after GC invocations=23 (full 3):
 PSYoungGen      total 153600K, used 16855K [0x00000000f5580000, 0x0000000100000000, 0x0000000100000000)
  eden space 135680K, 0% used [0x00000000f5580000,0x00000000f5580000,0x00000000fda00000)
  from space 17920K, 94% used [0x00000000fee80000,0x00000000ffef5f40,0x0000000100000000)
  to   space 19456K, 0% used [0x00000000fda00000,0x00000000fda00000,0x00000000fed00000)
 ParOldGen       total 166400K, used 51598K [0x00000000e0000000, 0x00000000ea280000, 0x00000000f5580000)
  object space 166400K, 31% used [0x00000000e0000000,0x00000000e3263af8,0x00000000ea280000)
 Metaspace       used 57088K, capacity 64158K, committed 64512K, reserved 1105920K
  class space    used 6826K, capacity 8836K, committed 8960K, reserved 1048576K
}
Event: 9.955 GC heap before
{Heap before GC invocations=24 (full 3):
 PSYoungGen      total 153600K, used 152535K [0x00000000f5580000, 0x0000000100000000, 0x0000000100000000)
  eden space 135680K, 100% used [0x00000000f5580000,0x00000000fda00000,0x00000000fda00000)
  from space 17920K, 94% used [0x00000000fee80000,0x00000000ffef5f40,0x0000000100000000)
  to   space 19456K, 0% used [0x00000000fda00000,0x00000000fda00000,0x00000000fed00000)
 ParOldGen       total 166400K, used 51598K [0x00000000e0000000, 0x00000000ea280000, 0x00000000f5580000)
  object space 166400K, 31% used [0x00000000e0000000,0x00000000e3263af8,0x00000000ea280000)
 Metaspace       used 57137K, capacity 64244K, committed 64512K, reserved 1105920K
  class space    used 6833K, capacity 8847K, committed 8960K, reserved 1048576K
Event: 9.968 GC heap after
Heap after GC invocations=24 (full 3):
 PSYoungGen      total 152064K, used 16214K [0x00000000f5580000, 0x0000000100000000, 0x0000000100000000)
  eden space 135680K, 0% used [0x00000000f5580000,0x00000000f5580000,0x00000000fda00000)
  from space 16384K, 98% used [0x00000000fda00000,0x00000000fe9d5bc0,0x00000000fea00000)
  to   space 20992K, 0% used [0x00000000feb80000,0x00000000feb80000,0x0000000100000000)
 ParOldGen       total 166400K, used 51606K [0x00000000e0000000, 0x00000000ea280000, 0x00000000f5580000)
  object space 166400K, 31% used [0x00000000e0000000,0x00000000e3265af8,0x00000000ea280000)
 Metaspace       used 57137K, capacity 64244K, committed 64512K, reserved 1105920K
  class space    used 6833K, capacity 8847K, committed 8960K, reserved 1048576K
}
Event: 10.276 GC heap before
{Heap before GC invocations=25 (full 3):
 PSYoungGen      total 152064K, used 151894K [0x00000000f5580000, 0x0000000100000000, 0x0000000100000000)
  eden space 135680K, 100% used [0x00000000f5580000,0x00000000fda00000,0x00000000fda00000)
  from space 16384K, 98% used [0x00000000fda00000,0x00000000fe9d5bc0,0x00000000fea00000)
  to   space 20992K, 0% used [0x00000000feb80000,0x00000000feb80000,0x0000000100000000)
 ParOldGen       total 166400K, used 51606K [0x00000000e0000000, 0x00000000ea280000, 0x00000000f5580000)
  object space 166400K, 31% used [0x00000000e0000000,0x00000000e3265af8,0x00000000ea280000)
 Metaspace       used 57303K, capacity 64530K, committed 64768K, reserved 1105920K
  class space    used 6844K, capacity 8858K, committed 8960K, reserved 1048576K
Event: 10.294 GC heap after
Heap after GC invocations=25 (full 3):
 PSYoungGen      total 150528K, used 17888K [0x00000000f5580000, 0x0000000100000000, 0x0000000100000000)
  eden space 129536K, 0% used [0x00000000f5580000,0x00000000f5580000,0x00000000fd400000)
  from space 20992K, 85% used [0x00000000feb80000,0x00000000ffcf8020,0x0000000100000000)
  to   space 22528K, 0% used [0x00000000fd400000,0x00000000fd400000,0x00000000fea00000)
 ParOldGen       total 166400K, used 51614K [0x00000000e0000000, 0x00000000ea280000, 0x00000000f5580000)
  object space 166400K, 31% used [0x00000000e0000000,0x00000000e3267af8,0x00000000ea280000)
 Metaspace       used 57303K, capacity 64530K, committed 64768K, reserved 1105920K
  class space    used 6844K, capacity 8858K, committed 8960K, reserved 1048576K
}

Deoptimization events (10 events):
Event: 9.293 Thread 0x0000000017d9b000 Uncommon trap: reason=unstable_if action=reinterpret pc=0x0000000002e7c788 method=com.google.common.collect.Iterators.forArray([Ljava/lang/Object;III)Lcom/google/common/collect/UnmodifiableListIterator; @ 32
Event: 9.294 Thread 0x0000000017d9b000 Uncommon trap: reason=class_check action=maybe_recompile pc=0x0000000003740070 method=com.google.common.collect.ImmutableSet$RegularSetBuilderImpl.add(Ljava/lang/Object;)Lcom/google/common/collect/ImmutableSet$SetBuilderImpl; @ 6
Event: 9.294 Thread 0x0000000017d9b000 Uncommon trap: reason=class_check action=maybe_recompile pc=0x0000000003740070 method=com.google.common.collect.ImmutableSet$RegularSetBuilderImpl.add(Ljava/lang/Object;)Lcom/google/common/collect/ImmutableSet$SetBuilderImpl; @ 6
Event: 9.294 Thread 0x0000000017d9b000 Uncommon trap: reason=class_check action=maybe_recompile pc=0x0000000003740070 method=com.google.common.collect.ImmutableSet$RegularSetBuilderImpl.add(Ljava/lang/Object;)Lcom/google/common/collect/ImmutableSet$SetBuilderImpl; @ 6
Event: 9.294 Thread 0x0000000017d9b000 Uncommon trap: reason=class_check action=maybe_recompile pc=0x0000000003740070 method=com.google.common.collect.ImmutableSet$RegularSetBuilderImpl.add(Ljava/lang/Object;)Lcom/google/common/collect/ImmutableSet$SetBuilderImpl; @ 6
Event: 9.294 Thread 0x0000000017d9b000 Uncommon trap: reason=unstable_if action=reinterpret pc=0x000000000336ded4 method=org.robolectric.internal.bytecode.MethodRef.equals(Ljava/lang/Object;)Z @ 2
Event: 9.295 Thread 0x000000001831d000 Uncommon trap: reason=bimorphic action=maybe_recompile pc=0x00000000037fca78 method=java.util.regex.Pattern$Start.<init>(Ljava/util/regex/Pattern$Node;)V @ 22
Event: 9.297 Thread 0x000000001831d000 Uncommon trap: reason=unstable_if action=reinterpret pc=0x000000000305762c method=java.util.Arrays.hashCode([Ljava/lang/Object;)I @ 34
Event: 10.217 Thread 0x000000001831d000 Uncommon trap: reason=bimorphic action=maybe_recompile pc=0x00000000037fca78 method=java.util.regex.Pattern$Start.<init>(Ljava/util/regex/Pattern$Node;)V @ 22
Event: 10.221 Thread 0x000000001831d000 Uncommon trap: reason=unstable_if action=reinterpret pc=0x0000000003634b78 method=org.robolectric.res.android.ResTable_config.match(Lorg/robolectric/res/android/ResTable_config;)Z @ 728

Internal exceptions (10 events):
Event: 7.254 Thread 0x000000001831d000 Implicit null exception at 0x0000000003634872 to 0x0000000003636111
Event: 7.566 Thread 0x000000001831d000 Exception <a 'java/lang/NoSuchMethodError': java.lang.Object.lambda$comparingDouble$8dcf42ea$1(Ljava/util/function/ToDoubleFunction;Ljava/lang/Object;Ljava/lang/Object;)I> (0x00000000f97eaae8) thrown at [C:\re\workspace\8-2-build-windows-amd64-cygwin\jdk8
Event: 8.586 Thread 0x000000001831d000 Exception <a 'java/io/FileNotFoundException'> (0x00000000f77dbb38) thrown at [C:\re\workspace\8-2-build-windows-amd64-cygwin\jdk8u144\9417\hotspot\src\share\vm\prims\jni.cpp, line 709]
Event: 8.615 Thread 0x000000001831d000 Implicit null exception at 0x0000000002f27415 to 0x0000000002f27611
Event: 8.636 Thread 0x000000001831d000 Implicit null exception at 0x00000000030f76af to 0x00000000030f7719
Event: 9.140 Thread 0x000000001831d000 Implicit null exception at 0x0000000003074a97 to 0x0000000003074b6d
Event: 9.229 Thread 0x000000001831d000 Exception <a 'java/lang/NoSuchMethodError': java.lang.Object.lambda$get$0(Ljava/lang/Object;)V> (0x00000000f6192f18) thrown at [C:\re\workspace\8-2-build-windows-amd64-cygwin\jdk8u144\9417\hotspot\src\share\vm\interpreter\linkResolver.cpp, line 582]
Event: 9.297 Thread 0x000000001831d000 Implicit null exception at 0x000000000305756f to 0x000000000305760d
Event: 9.311 Thread 0x000000001831d000 Exception <a 'sun/nio/fs/WindowsException'> (0x00000000f7ba0470) thrown at [C:\re\workspace\8-2-build-windows-amd64-cygwin\jdk8u144\9417\hotspot\src\share\vm\prims\jni.cpp, line 709]
Event: 10.235 Thread 0x000000001831d000 Exception <a 'sun/nio/fs/WindowsException'> (0x00000000fca28c70) thrown at [C:\re\workspace\8-2-build-windows-amd64-cygwin\jdk8u144\9417\hotspot\src\share\vm\prims\jni.cpp, line 709]

Events (10 events):
Event: 10.217 Thread 0x000000001831d000 DEOPT UNPACKING pc=0x0000000002cd582a sp=0x000000001954e938 mode 2
Event: 10.221 Thread 0x000000001831d000 Uncommon trap: trap_request=0xffffff65 fr.pc=0x0000000003634b78
Event: 10.221 Thread 0x000000001831d000 DEOPT PACKING pc=0x0000000003634b78 sp=0x000000001954d0f0
Event: 10.221 Thread 0x000000001831d000 DEOPT UNPACKING pc=0x0000000002cd582a sp=0x000000001954d098 mode 2
Event: 10.239 Thread 0x000000001831d000 DEOPT PACKING pc=0x0000000002fabe0d sp=0x000000001954b570
Event: 10.239 Thread 0x000000001831d000 DEOPT UNPACKING pc=0x0000000002cd787f sp=0x000000001954b2d0 mode 0
Event: 10.276 Executing VM operation: ParallelGCFailedAllocation
Event: 10.294 Executing VM operation: ParallelGCFailedAllocation done
Event: 10.294 Executing VM operation: RevokeBias
Event: 10.294 Executing VM operation: RevokeBias done


Dynamic libraries:
0x00007ff7e1e60000 - 0x00007ff7e1e97000 	C:\Program Files\Java\jdk1.8.0_144\bin\java.exe
0x00007ff82aad0000 - 0x00007ff82acc5000 	C:\WINDOWS\SYSTEM32\ntdll.dll
0x00007ff828b20000 - 0x00007ff828bde000 	C:\WINDOWS\System32\KERNEL32.DLL
0x00007ff828420000 - 0x00007ff8286e9000 	C:\WINDOWS\System32\KERNELBASE.dll
0x00007ff828d20000 - 0x00007ff828dcc000 	C:\WINDOWS\System32\ADVAPI32.dll
0x00007ff829f60000 - 0x00007ff829ffe000 	C:\WINDOWS\System32\msvcrt.dll
0x00007ff829b60000 - 0x00007ff829bfb000 	C:\WINDOWS\System32\sechost.dll
0x00007ff82a0b0000 - 0x00007ff82a1da000 	C:\WINDOWS\System32\RPCRT4.dll
0x00007ff8296c0000 - 0x00007ff829861000 	C:\WINDOWS\System32\USER32.dll
0x00007ff8281f0000 - 0x00007ff828212000 	C:\WINDOWS\System32\win32u.dll
0x00007ff828be0000 - 0x00007ff828c0b000 	C:\WINDOWS\System32\GDI32.dll
0x00007ff828310000 - 0x00007ff82841b000 	C:\WINDOWS\System32\gdi32full.dll
0x00007ff8287a0000 - 0x00007ff82883d000 	C:\WINDOWS\System32\msvcp_win.dll
0x00007ff828840000 - 0x00007ff828940000 	C:\WINDOWS\System32\ucrtbase.dll
0x00007ff810510000 - 0x00007ff8107aa000 	C:\WINDOWS\WinSxS\amd64_microsoft.windows.common-controls_6595b64144ccf1df_6.0.19041.1110_none_60b5254171f9507e\COMCTL32.dll
0x00007ff82a080000 - 0x00007ff82a0b0000 	C:\WINDOWS\System32\IMM32.DLL
0x0000000075340000 - 0x0000000075412000 	C:\Program Files\Java\jdk1.8.0_144\jre\bin\msvcr100.dll
0x00000000746c0000 - 0x0000000074f5d000 	C:\Program Files\Java\jdk1.8.0_144\jre\bin\server\jvm.dll
0x00007ff829b40000 - 0x00007ff829b48000 	C:\WINDOWS\System32\PSAPI.DLL
0x00007ff80e880000 - 0x00007ff80e8a7000 	C:\WINDOWS\SYSTEM32\WINMM.dll
0x00007ff819a50000 - 0x00007ff819a59000 	C:\WINDOWS\SYSTEM32\WSOCK32.dll
0x00007ff81ce60000 - 0x00007ff81ce6a000 	C:\WINDOWS\SYSTEM32\VERSION.dll
0x00007ff829940000 - 0x00007ff8299ab000 	C:\WINDOWS\System32\WS2_32.dll
0x0000000075330000 - 0x000000007533f000 	C:\Program Files\Java\jdk1.8.0_144\jre\bin\verify.dll
0x0000000075300000 - 0x0000000075329000 	C:\Program Files\Java\jdk1.8.0_144\jre\bin\java.dll
0x00000000752e0000 - 0x00000000752f6000 	C:\Program Files\Java\jdk1.8.0_144\jre\bin\zip.dll
0x00007ff828dd0000 - 0x00007ff82950f000 	C:\WINDOWS\System32\SHELL32.dll
0x00007ff823190000 - 0x00007ff823920000 	C:\WINDOWS\SYSTEM32\windows.storage.dll
0x00007ff829c00000 - 0x00007ff829f55000 	C:\WINDOWS\System32\combase.dll
0x00007ff827c40000 - 0x00007ff827c6c000 	C:\WINDOWS\SYSTEM32\Wldp.dll
0x00007ff828c70000 - 0x00007ff828d1e000 	C:\WINDOWS\System32\SHCORE.dll
0x00007ff82a5b0000 - 0x00007ff82a605000 	C:\WINDOWS\System32\shlwapi.dll
0x00007ff828130000 - 0x00007ff82814f000 	C:\WINDOWS\SYSTEM32\profapi.dll
0x00000000746a0000 - 0x00000000746ba000 	C:\Program Files\Java\jdk1.8.0_144\jre\bin\net.dll
0x00007ff8279a0000 - 0x00007ff827a0a000 	C:\WINDOWS\system32\mswsock.dll
0x0000000074680000 - 0x0000000074691000 	C:\Program Files\Java\jdk1.8.0_144\jre\bin\nio.dll
0x00007ff827b90000 - 0x00007ff827ba8000 	C:\WINDOWS\SYSTEM32\CRYPTSP.dll
0x00007ff8272b0000 - 0x00007ff8272e4000 	C:\WINDOWS\system32\rsaenh.dll
0x00007ff828940000 - 0x00007ff828967000 	C:\WINDOWS\System32\bcrypt.dll
0x00007ff8280b0000 - 0x00007ff8280de000 	C:\WINDOWS\SYSTEM32\USERENV.dll
0x00007ff828280000 - 0x00007ff828303000 	C:\WINDOWS\System32\bcryptprimitives.dll
0x00007ff827bb0000 - 0x00007ff827bbc000 	C:\WINDOWS\SYSTEM32\CRYPTBASE.dll
0x00007ff827640000 - 0x00007ff82767b000 	C:\WINDOWS\SYSTEM32\IPHLPAPI.DLL
0x00007ff829b30000 - 0x00007ff829b38000 	C:\WINDOWS\System32\NSI.dll
0x00007ff81c3f0000 - 0x00007ff81c407000 	C:\WINDOWS\SYSTEM32\dhcpcsvc6.DLL
0x00007ff81dd90000 - 0x00007ff81ddad000 	C:\WINDOWS\SYSTEM32\dhcpcsvc.DLL
0x00007ff827690000 - 0x00007ff82775c000 	C:\WINDOWS\SYSTEM32\DNSAPI.dll
0x0000000074610000 - 0x0000000074634000 	C:\Program Files\Java\jdk1.8.0_144\jre\bin\sunec.dll
0x0000000074600000 - 0x000000007460b000 	C:\Program Files\Java\jdk1.8.0_144\jre\bin\sunmscapi.dll
0x00007ff8289c0000 - 0x00007ff828b16000 	C:\WINDOWS\System32\CRYPT32.dll
0x0000000074460000 - 0x00000000745f8000 	C:\Program Files\Java\jdk1.8.0_144\jre\bin\awt.dll
0x00007ff829870000 - 0x00007ff82993d000 	C:\WINDOWS\System32\OLEAUT32.dll
0x00007ff822400000 - 0x00007ff822490000 	C:\WINDOWS\SYSTEM32\apphelp.dll
0x00007ff822fa0000 - 0x00007ff823184000 	C:\WINDOWS\SYSTEM32\dbghelp.dll

VM Arguments:
jvm_args: -Djava.awt.headless=true -Djava.security.manager=worker.org.gradle.process.internal.worker.child.BootstrapSecurityManager -Dorg.gradle.native=false -Xmx512m -Dfile.encoding=UTF-8 -Duser.country=US -Duser.language=en -Duser.variant -ea 
java_command: worker.org.gradle.process.internal.worker.GradleWorkerMain 'Gradle Test Executor 2'
java_class_path (initial): C:\Users\varel\Documents\SEMESTER 5\Android Studio\B2 - Advanced Widgets\ColorGameX\caches\6.5\workerMain\gradle-worker.jar
Launcher Type: SUN_STANDARD

Environment Variables:
PATH=C:\ProgramData\Oracle\Java\javapath;C:\Program Files\Common Files\Oracle\Java\javapath;C:\Windows\system32;C:\Windows;C:\Windows\System32\Wbem;C:\Windows\System32\WindowsPowerShell\v1.0\;C:\Windows\System32\OpenSSH\;C:\Program Files (x86)\NVIDIA Corporation\PhysX\Common;C:\Program Files\Microsoft SQL Server\Client SDK\ODBC\130\Tools\Binn\;C:\Program Files (x86)\Microsoft SQL Server\140\Tools\Binn\;C:\Program Files\Microsoft SQL Server\140\Tools\Binn\;C:\Program Files\Microsoft SQL Server\140\DTS\Binn\;C:\Program Files (x86)\Microsoft SQL Server\150\DTS\Binn\;C:\Program Files\Azure Data Studio\bin;C:\Program Files\Git\cmd;C:\xampp\php;C:\ProgramData\ComposerSetup\bin;C:\Program Files\nodejs\;C:\WINDOWS\system32;C:\WINDOWS;C:\WINDOWS\System32\Wbem;C:\WINDOWS\System32\WindowsPowerShell\v1.0\;C:\WINDOWS\System32\OpenSSH\;C:\Program Files\PuTTY\;C:\Users\varel\AppData\Local\Programs\Python\Python39\Scripts\;C:\Users\varel\AppData\Local\Programs\Python\Python39\;C:\Users\varel\AppData\Local\Microsoft\WindowsApps;;C:\Users\varel\AppData\Local\Programs\Microsoft VS Code\bin;C:\Program Files\Azure Data Studio\bin;C:\Users\varel\AppData\Roaming\Composer\vendor\bin;C:\Users\varel\AppData\Roaming\npm
USERNAME=varel
OS=Windows_NT
PROCESSOR_IDENTIFIER=Intel64 Family 6 Model 142 Stepping 12, GenuineIntel



---------------  S Y S T E M  ---------------

OS: Windows 10.0 , 64 bit Build 19041 (10.0.19041.1202)

CPU:total 8 (initial active 8) (4 cores per cpu, 2 threads per core) family 6 model 142 stepping 12, cmov, cx8, fxsr, mmx, sse, sse2, sse3, ssse3, sse4.1, sse4.2, popcnt, avx, avx2, aes, clmul, erms, 3dnowpref, lzcnt, ht, tsc, tscinvbit, bmi1, bmi2, adx

Memory: 4k page, physical 8182660k(625664k free), swap 13949828k(3076276k free)

vm_info: Java HotSpot(TM) 64-Bit Server VM (25.144-b01) for windows-amd64 JRE (1.8.0_144-b01), built on Jul 21 2017 21:57:33 by "java_re" with MS VC++ 10.0 (VS2010)

time: Tue Sep 28 20:50:02 2021
elapsed time: 10 seconds (0d 0h 0m 10s)

